<?xml version="1.0" encoding="UTF-8"?>
<testsuite name="MenuInfantilTest" tests="1" skipped="0" failures="0" errors="0" timestamp="2022-10-19T17:44:49" hostname="DESKTOP-CPG38V8" time="0.024">
  <properties/>
  <testcase name="WHEN a MenuInfantil is created THEN it should have the right precioFinal" classname="MenuInfantilTest" time="0.024"/>
  <system-out><![CDATA[]]></system-out>
  <system-err><![CDATA[]]></system-err>
</testsuite>
