<?xml version="1.0" encoding="UTF-8"?>
<testsuite name="ArbolTest" tests="1" skipped="0" failures="0" errors="0" timestamp="2022-10-27T18:39:01" hostname="DESKTOP-CPG38V8" time="0.045">
  <properties/>
  <testcase name="test1()" classname="ArbolTest" time="0.045"/>
  <system-out><![CDATA[]]></system-out>
  <system-err><![CDATA[]]></system-err>
</testsuite>
